TN:
SF:app.js
FN:24,(anonymous_0)
FN:27,(anonymous_1)
FN:68,(anonymous_2)
FN:75,(anonymous_3)
FN:105,(anonymous_4)
FN:107,(anonymous_5)
FN:131,(anonymous_6)
FN:138,(anonymous_7)
FN:160,(anonymous_8)
FN:165,(anonymous_9)
FN:171,(anonymous_10)
FN:195,(anonymous_11)
FN:224,(anonymous_12)
FN:278,(anonymous_13)
FN:350,(anonymous_14)
FN:368,(anonymous_15)
FN:382,(anonymous_16)
FN:427,(anonymous_17)
FN:429,(anonymous_18)
FN:431,(anonymous_19)
FN:438,(anonymous_20)
FN:440,(anonymous_21)
FN:442,(anonymous_22)
FN:450,(anonymous_23)
FNF:24
FNH:0
FNDA:0,(anonymous_0)
FNDA:0,(anonymous_1)
FNDA:0,(anonymous_2)
FNDA:0,(anonymous_3)
FNDA:0,(anonymous_4)
FNDA:0,(anonymous_5)
FNDA:0,(anonymous_6)
FNDA:0,(anonymous_7)
FNDA:0,(anonymous_8)
FNDA:0,(anonymous_9)
FNDA:0,(anonymous_10)
FNDA:0,(anonymous_11)
FNDA:0,(anonymous_12)
FNDA:0,(anonymous_13)
FNDA:0,(anonymous_14)
FNDA:0,(anonymous_15)
FNDA:0,(anonymous_16)
FNDA:0,(anonymous_17)
FNDA:0,(anonymous_18)
FNDA:0,(anonymous_19)
FNDA:0,(anonymous_20)
FNDA:0,(anonymous_21)
FNDA:0,(anonymous_22)
FNDA:0,(anonymous_23)
DA:1,0
DA:2,0
DA:3,0
DA:4,0
DA:5,0
DA:6,0
DA:7,0
DA:8,0
DA:9,0
DA:12,0
DA:13,0
DA:14,0
DA:15,0
DA:16,0
DA:17,0
DA:19,0
DA:20,0
DA:23,0
DA:25,0
DA:28,0
DA:29,0
DA:30,0
DA:34,0
DA:35,0
DA:36,0
DA:44,0
DA:54,0
DA:57,0
DA:58,0
DA:61,0
DA:62,0
DA:64,0
DA:68,0
DA:69,0
DA:70,0
DA:76,0
DA:77,0
DA:78,0
DA:79,0
DA:82,0
DA:86,0
DA:87,0
DA:90,0
DA:93,0
DA:94,0
DA:95,0
DA:105,0
DA:106,0
DA:107,0
DA:109,0
DA:110,0
DA:120,0
DA:121,0
DA:131,0
DA:132,0
DA:133,0
DA:135,0
DA:138,0
DA:139,0
DA:141,0
DA:142,0
DA:151,0
DA:153,0
DA:154,0
DA:160,0
DA:161,0
DA:165,0
DA:166,0
DA:171,0
DA:172,0
DA:173,0
DA:175,0
DA:195,0
DA:196,0
DA:197,0
DA:199,0
DA:208,0
DA:216,0
DA:217,0
DA:218,0
DA:219,0
DA:220,0
DA:221,0
DA:224,0
DA:225,0
DA:278,0
DA:279,0
DA:350,0
DA:351,0
DA:368,0
DA:369,0
DA:378,0
DA:379,0
DA:382,0
DA:386,0
DA:387,0
DA:393,0
DA:394,0
DA:400,0
DA:401,0
DA:407,0
DA:408,0
DA:415,0
DA:427,0
DA:428,0
DA:429,0
DA:430,0
DA:431,0
DA:432,0
DA:433,0
DA:438,0
DA:439,0
DA:440,0
DA:441,0
DA:442,0
DA:443,0
DA:444,0
DA:450,0
DA:451,0
DA:461,0
LF:120
LH:0
BRDA:20,0,0,0
BRDA:20,0,1,0
BRDA:23,1,0,0
BRDA:23,1,1,0
BRDA:37,2,0,0
BRDA:37,2,1,0
BRDA:61,3,0,0
BRDA:61,3,1,0
BRDA:94,4,0,0
BRDA:94,4,1,0
BRDA:94,5,0,0
BRDA:94,5,1,0
BRDA:106,6,0,0
BRDA:106,6,1,0
BRDA:107,7,0,0
BRDA:107,7,1,0
BRDA:109,8,0,0
BRDA:109,8,1,0
BRDA:120,9,0,0
BRDA:120,9,1,0
BRDA:120,10,0,0
BRDA:120,10,1,0
BRDA:132,11,0,0
BRDA:132,11,1,0
BRDA:133,12,0,0
BRDA:133,12,1,0
BRDA:139,13,0,0
BRDA:139,13,1,0
BRDA:141,14,0,0
BRDA:141,14,1,0
BRDA:183,15,0,0
BRDA:183,15,1,0
BRDA:184,16,0,0
BRDA:184,16,1,0
BRDA:378,17,0,0
BRDA:378,17,1,0
BRDA:386,18,0,0
BRDA:386,18,1,0
BRDA:393,19,0,0
BRDA:393,19,1,0
BRDA:393,20,0,0
BRDA:393,20,1,0
BRDA:400,21,0,0
BRDA:400,21,1,0
BRDA:407,22,0,0
BRDA:407,22,1,0
BRDA:415,23,0,0
BRDA:415,23,1,0
BRDA:417,24,0,0
BRDA:417,24,1,0
BRDA:420,25,0,0
BRDA:420,25,1,0
BRDA:422,26,0,0
BRDA:422,26,1,0
BRDA:454,27,0,0
BRDA:454,27,1,0
BRF:56
BRH:0
end_of_record
TN:
SF:models\Category.js
FNF:0
FNH:0
DA:1,4
DA:3,4
DA:43,4
DA:51,4
DA:52,4
DA:54,4
LF:6
LH:6
BRF:0
BRH:0
end_of_record
TN:
SF:models\Gamification.js
FN:187,(anonymous_0)
FN:192,(anonymous_1)
FN:197,(anonymous_2)
FN:211,(anonymous_3)
FN:236,(anonymous_4)
FN:239,(anonymous_5)
FN:254,(anonymous_6)
FN:281,(anonymous_7)
FNF:8
FNH:0
FNDA:0,(anonymous_0)
FNDA:0,(anonymous_1)
FNDA:0,(anonymous_2)
FNDA:0,(anonymous_3)
FNDA:0,(anonymous_4)
FNDA:0,(anonymous_5)
FNDA:0,(anonymous_6)
FNDA:0,(anonymous_7)
DA:1,2
DA:3,2
DA:37,2
DA:53,2
DA:187,2
DA:188,0
DA:192,2
DA:193,0
DA:197,2
DA:198,0
DA:199,0
DA:200,0
DA:201,0
DA:202,0
DA:206,2
DA:207,2
DA:208,2
DA:211,2
DA:212,0
DA:213,0
DA:216,0
DA:217,0
DA:218,0
DA:221,0
DA:224,0
DA:232,0
DA:236,2
DA:238,0
DA:239,0
DA:242,0
DA:243,0
DA:247,0
DA:250,0
DA:254,2
DA:255,0
DA:257,0
DA:258,0
DA:259,0
DA:260,0
DA:263,0
DA:267,0
DA:268,0
DA:277,0
DA:281,2
DA:282,0
DA:293,2
DA:294,2
DA:296,2
LF:48
LH:17
BRDA:198,0,0,0
BRDA:198,0,1,0
BRDA:199,1,0,0
BRDA:199,1,1,0
BRDA:200,2,0,0
BRDA:200,2,1,0
BRDA:201,3,0,0
BRDA:201,3,1,0
BRDA:211,4,0,0
BRDA:228,5,0,0
BRDA:228,5,1,0
BRDA:236,6,0,0
BRDA:242,7,0,0
BRDA:242,7,1,0
BRDA:254,8,0,0
BRDA:255,9,0,0
BRDA:255,9,1,0
BRDA:257,10,0,0
BRDA:257,10,1,0
BRDA:259,11,0,0
BRDA:259,11,1,0
BRDA:267,12,0,0
BRDA:267,12,1,0
BRDA:267,13,0,0
BRDA:267,13,1,0
BRDA:272,14,0,0
BRDA:272,14,1,0
BRDA:273,15,0,0
BRDA:273,15,1,0
BRF:29
BRH:0
end_of_record
TN:
SF:models\Habit.js
FN:99,(anonymous_0)
FN:106,(anonymous_1)
FN:113,(anonymous_2)
FN:123,(anonymous_3)
FN:129,(anonymous_4)
FN:150,(anonymous_5)
FN:158,(anonymous_6)
FN:162,(anonymous_7)
FNF:8
FNH:0
FNDA:0,(anonymous_0)
FNDA:0,(anonymous_1)
FNDA:0,(anonymous_2)
FNDA:0,(anonymous_3)
FNDA:0,(anonymous_4)
FNDA:0,(anonymous_5)
FNDA:0,(anonymous_6)
FNDA:0,(anonymous_7)
DA:1,0
DA:3,0
DA:99,0
DA:100,0
DA:102,0
DA:103,0
DA:105,0
DA:106,0
DA:109,0
DA:113,0
DA:114,0
DA:118,0
DA:119,0
DA:120,0
DA:123,0
DA:124,0
DA:125,0
DA:128,0
DA:129,0
DA:132,0
DA:133,0
DA:134,0
DA:136,0
DA:144,0
DA:146,0
DA:150,0
DA:151,0
DA:152,0
DA:154,0
DA:155,0
DA:157,0
DA:158,0
DA:161,0
DA:162,0
DA:165,0
DA:166,0
DA:167,0
DA:168,0
DA:170,0
DA:171,0
DA:174,0
DA:175,0
DA:179,0
LF:43
LH:0
BRDA:100,0,0,0
BRDA:100,0,1,0
BRDA:123,1,0,0
BRDA:123,2,0,0
BRDA:132,3,0,0
BRDA:132,3,1,0
BRDA:165,4,0,0
BRDA:165,4,1,0
BRDA:166,5,0,0
BRDA:166,5,1,0
BRDA:166,6,0,0
BRDA:166,6,1,0
BRDA:170,7,0,0
BRDA:170,7,1,0
BRDA:174,8,0,0
BRDA:174,8,1,0
BRDA:174,9,0,0
BRDA:174,9,1,0
BRF:18
BRH:0
end_of_record
TN:
SF:models\Task.js
FN:75,(anonymous_0)
FN:80,(anonymous_1)
FN:94,(anonymous_2)
FN:109,(anonymous_3)
FNF:4
FNH:4
FNDA:23,(anonymous_0)
FNDA:24,(anonymous_1)
FNDA:49,(anonymous_2)
FNDA:49,(anonymous_3)
DA:1,3
DA:3,3
DA:75,3
DA:76,23
DA:80,3
DA:81,24
DA:82,19
DA:83,17
DA:84,0
DA:88,3
DA:89,3
DA:90,3
DA:91,3
DA:94,3
DA:96,49
DA:97,10
DA:101,49
DA:102,24
DA:105,49
DA:109,3
DA:111,49
DA:112,0
DA:113,0
DA:114,0
DA:116,0
DA:118,0
DA:121,0
DA:128,0
DA:131,0
DA:132,0
DA:136,0
DA:138,0
DA:139,0
DA:140,0
DA:141,0
DA:143,0
DA:146,0
DA:150,49
DA:153,3
LF:39
LH:22
BRDA:76,0,0,23
BRDA:76,0,1,23
BRDA:81,1,0,5
BRDA:81,1,1,19
BRDA:82,2,0,2
BRDA:82,2,1,17
BRDA:83,3,0,17
BRDA:83,3,1,0
BRDA:96,4,0,10
BRDA:96,4,1,39
BRDA:96,5,0,49
BRDA:96,5,1,38
BRDA:96,5,2,14
BRDA:101,6,0,24
BRDA:101,6,1,25
BRDA:101,7,0,49
BRDA:101,7,1,38
BRDA:111,8,0,0
BRDA:111,8,1,49
BRDA:111,9,0,49
BRDA:111,9,1,0
BRDA:116,10,0,0
BRDA:116,10,1,0
BRDA:128,11,0,0
BRDA:128,11,1,0
BRDA:131,12,0,0
BRDA:131,12,1,0
BRF:27
BRH:18
end_of_record
TN:
SF:models\User.js
FN:121,(anonymous_0)
FN:140,(anonymous_1)
FN:155,(anonymous_2)
FN:171,(anonymous_3)
FN:176,(anonymous_4)
FN:195,(anonymous_5)
FN:205,(anonymous_6)
FNF:7
FNH:6
FNDA:48,(anonymous_0)
FNDA:112,(anonymous_1)
FNDA:111,(anonymous_2)
FNDA:5,(anonymous_3)
FNDA:3,(anonymous_4)
FNDA:1,(anonymous_5)
FNDA:0,(anonymous_6)
DA:1,6
DA:2,6
DA:4,6
DA:121,6
DA:122,48
DA:135,6
DA:136,6
DA:137,6
DA:140,6
DA:142,112
DA:144,108
DA:146,108
DA:147,108
DA:148,108
DA:150,0
DA:155,6
DA:157,111
DA:158,0
DA:159,0
DA:160,0
DA:161,0
DA:163,0
DA:167,111
DA:171,6
DA:172,5
DA:176,6
DA:177,3
DA:178,3
DA:181,3
DA:182,3
DA:183,3
DA:184,3
DA:185,0
DA:188,0
DA:191,3
DA:195,6
DA:196,1
DA:205,6
DA:206,0
DA:208,0
DA:213,0
DA:216,6
LF:42
LH:31
BRDA:142,0,0,4
BRDA:142,0,1,108
BRDA:157,1,0,0
BRDA:157,1,1,111
BRDA:184,2,0,0
BRDA:184,2,1,3
BRDA:205,3,0,0
BRF:7
BRH:4
end_of_record
TN:
SF:routes\analytics.js
FN:9,(anonymous_0)
FN:280,(anonymous_1)
FN:388,(anonymous_2)
FN:389,(anonymous_3)
FN:390,(anonymous_4)
FN:404,(anonymous_5)
FN:585,(anonymous_6)
FN:601,(anonymous_7)
FN:606,(anonymous_8)
FNF:9
FNH:0
FNDA:0,(anonymous_0)
FNDA:0,(anonymous_1)
FNDA:0,(anonymous_2)
FNDA:0,(anonymous_3)
FNDA:0,(anonymous_4)
FNDA:0,(anonymous_5)
FNDA:0,(anonymous_6)
FNDA:0,(anonymous_7)
FNDA:0,(anonymous_8)
DA:1,0
DA:2,0
DA:3,0
DA:4,0
DA:6,0
DA:9,0
DA:10,0
DA:11,0
DA:14,0
DA:16,0
DA:18,0
DA:19,0
DA:21,0
DA:22,0
DA:24,0
DA:25,0
DA:27,0
DA:28,0
DA:30,0
DA:42,0
DA:238,0
DA:239,0
DA:240,0
DA:242,0
DA:243,0
DA:244,0
DA:246,0
DA:272,0
DA:280,0
DA:281,0
DA:290,0
DA:293,0
DA:294,0
DA:295,0
DA:296,0
DA:297,0
DA:299,0
DA:302,0
DA:303,0
DA:304,0
DA:305,0
DA:309,0
DA:311,0
DA:317,0
DA:319,0
DA:324,0
DA:326,0
DA:330,0
DA:332,0
DA:336,0
DA:338,0
DA:345,0
DA:381,0
DA:388,0
DA:389,0
DA:390,0
DA:396,0
DA:404,0
DA:405,0
DA:406,0
DA:407,0
DA:410,0
DA:412,0
DA:414,0
DA:415,0
DA:417,0
DA:418,0
DA:420,0
DA:421,0
DA:423,0
DA:427,0
DA:428,0
DA:429,0
DA:435,0
DA:533,0
DA:534,0
DA:538,0
DA:542,0
DA:571,0
DA:572,0
DA:577,0
DA:585,0
DA:586,0
DA:593,0
DA:597,0
DA:600,0
DA:601,0
DA:602,0
DA:605,0
DA:606,0
DA:607,0
DA:610,0
DA:617,0
DA:618,0
DA:619,0
DA:622,0
DA:623,0
DA:625,0
DA:626,0
DA:628,0
DA:637,0
DA:644,0
LF:102
LH:0
BRDA:11,0,0,0
BRDA:16,1,0,0
BRDA:16,1,1,0
BRDA:16,1,2,0
BRDA:16,1,3,0
BRDA:16,1,4,0
BRDA:238,2,0,0
BRDA:238,2,1,0
BRDA:239,3,0,0
BRDA:239,3,1,0
BRDA:240,4,0,0
BRDA:240,4,1,0
BRDA:242,5,0,0
BRDA:242,5,1,0
BRDA:243,6,0,0
BRDA:243,6,1,0
BRDA:244,7,0,0
BRDA:244,7,1,0
BRDA:253,8,0,0
BRDA:253,8,1,0
BRDA:256,9,0,0
BRDA:256,9,1,0
BRDA:285,10,0,0
BRDA:294,11,0,0
BRDA:294,11,1,0
BRDA:295,12,0,0
BRDA:295,12,1,0
BRDA:296,13,0,0
BRDA:296,13,1,0
BRDA:302,14,0,0
BRDA:302,14,1,0
BRDA:303,15,0,0
BRDA:303,15,1,0
BRDA:304,16,0,0
BRDA:304,16,1,0
BRDA:305,17,0,0
BRDA:305,17,1,0
BRDA:309,18,0,0
BRDA:309,18,1,0
BRDA:309,18,2,0
BRDA:309,18,3,0
BRDA:309,18,4,0
BRDA:407,19,0,0
BRDA:412,20,0,0
BRDA:412,20,1,0
BRDA:412,20,2,0
BRDA:412,20,3,0
BRDA:428,21,0,0
BRDA:428,21,1,0
BRDA:533,22,0,0
BRDA:533,22,1,0
BRDA:534,23,0,0
BRDA:534,23,1,0
BRDA:538,24,0,0
BRDA:538,24,1,0
BRDA:552,25,0,0
BRDA:552,25,1,0
BRDA:553,26,0,0
BRDA:553,26,1,0
BRDA:554,27,0,0
BRDA:554,27,1,0
BRDA:555,28,0,0
BRDA:555,28,1,0
BRDA:556,29,0,0
BRDA:556,29,1,0
BRDA:558,30,0,0
BRDA:558,30,1,0
BRDA:559,31,0,0
BRDA:559,31,1,0
BRDA:571,32,0,0
BRDA:571,32,1,0
BRDA:588,33,0,0
BRDA:589,34,0,0
BRDA:592,35,0,0
BRDA:597,36,0,0
BRDA:597,36,1,0
BRDA:597,36,2,0
BRDA:617,37,0,0
BRDA:617,37,1,0
BRF:79
BRH:0
end_of_record
TN:
SF:routes\categories.js
FN:16,(anonymous_0)
FN:28,(anonymous_1)
FN:97,(anonymous_2)
FN:130,(anonymous_3)
FN:158,(anonymous_4)
FN:188,(anonymous_5)
FN:199,(anonymous_6)
FN:247,(anonymous_7)
FN:258,(anonymous_8)
FN:308,(anonymous_9)
FN:340,(anonymous_10)
FNF:11
FNH:0
FNDA:0,(anonymous_0)
FNDA:0,(anonymous_1)
FNDA:0,(anonymous_2)
FNDA:0,(anonymous_3)
FNDA:0,(anonymous_4)
FNDA:0,(anonymous_5)
FNDA:0,(anonymous_6)
FNDA:0,(anonymous_7)
FNDA:0,(anonymous_8)
FNDA:0,(anonymous_9)
FNDA:0,(anonymous_10)
DA:1,0
DA:2,0
DA:3,0
DA:5,0
DA:8,0
DA:16,0
DA:17,0
DA:18,0
DA:19,0
DA:24,0
DA:28,0
DA:29,0
DA:39,0
DA:42,0
DA:43,0
DA:44,0
DA:45,0
DA:46,0
DA:53,0
DA:54,0
DA:55,0
DA:58,0
DA:64,0
DA:65,0
DA:68,0
DA:71,0
DA:72,0
DA:74,0
DA:89,0
DA:97,0
DA:98,0
DA:99,0
DA:103,0
DA:104,0
DA:111,0
DA:112,0
DA:122,0
DA:130,0
DA:131,0
DA:132,0
DA:135,0
DA:144,0
DA:145,0
DA:150,0
DA:158,0
DA:159,0
DA:161,0
DA:165,0
DA:166,0
DA:172,0
DA:173,0
DA:176,0
DA:178,0
DA:185,0
DA:186,0
DA:188,0
DA:191,0
DA:199,0
DA:200,0
DA:201,0
DA:202,0
DA:203,0
DA:210,0
DA:211,0
DA:216,0
DA:217,0
DA:225,0
DA:226,0
DA:229,0
DA:231,0
DA:238,0
DA:239,0
DA:244,0
DA:245,0
DA:247,0
DA:250,0
DA:258,0
DA:259,0
DA:260,0
DA:261,0
DA:262,0
DA:269,0
DA:270,0
DA:272,0
DA:273,0
DA:280,0
DA:282,0
DA:294,0
DA:295,0
DA:300,0
DA:308,0
DA:309,0
DA:310,0
DA:311,0
DA:312,0
DA:318,0
DA:319,0
DA:321,0
DA:332,0
DA:340,0
DA:341,0
DA:349,0
DA:352,0
DA:353,0
DA:354,0
DA:361,0
DA:362,0
DA:363,0
DA:366,0
DA:367,0
DA:368,0
DA:371,0
DA:372,0
DA:378,0
DA:379,0
DA:381,0
DA:402,0
DA:409,0
LF:118
LH:0
BRDA:18,0,0,0
BRDA:18,0,1,0
BRDA:31,1,0,0
BRDA:32,2,0,0
BRDA:36,3,0,0
BRDA:37,4,0,0
BRDA:38,5,0,0
BRDA:43,6,0,0
BRDA:43,6,1,0
BRDA:44,7,0,0
BRDA:44,7,1,0
BRDA:45,8,0,0
BRDA:45,8,1,0
BRDA:55,9,0,0
BRDA:55,9,1,0
BRDA:64,10,0,0
BRDA:64,10,1,0
BRDA:103,11,0,0
BRDA:103,11,1,0
BRDA:144,12,0,0
BRDA:144,12,1,0
BRDA:165,13,0,0
BRDA:165,13,1,0
BRDA:185,14,0,0
BRDA:185,14,1,0
BRDA:202,15,0,0
BRDA:202,15,1,0
BRDA:210,16,0,0
BRDA:210,16,1,0
BRDA:210,17,0,0
BRDA:210,17,1,0
BRDA:216,18,0,0
BRDA:216,18,1,0
BRDA:238,19,0,0
BRDA:238,19,1,0
BRDA:244,20,0,0
BRDA:244,20,1,0
BRDA:261,21,0,0
BRDA:261,21,1,0
BRDA:272,22,0,0
BRDA:272,22,1,0
BRDA:294,23,0,0
BRDA:294,23,1,0
BRDA:311,24,0,0
BRDA:311,24,1,0
BRDA:323,25,0,0
BRDA:323,25,1,0
BRDA:343,26,0,0
BRDA:344,27,0,0
BRDA:347,28,0,0
BRDA:348,29,0,0
BRDA:353,30,0,0
BRDA:353,30,1,0
BRDA:362,31,0,0
BRDA:362,31,1,0
BRDA:363,32,0,0
BRDA:363,32,1,0
BRDA:368,33,0,0
BRDA:368,33,1,0
BRF:59
BRH:0
end_of_record
TN:
SF:routes\gamification.js
FN:8,(anonymous_0)
FN:34,(anonymous_1)
FN:76,(anonymous_2)
FN:105,(anonymous_3)
FN:135,(anonymous_4)
FN:149,(anonymous_5)
FN:175,(anonymous_6)
FN:190,(anonymous_7)
FN:201,(anonymous_8)
FN:241,(anonymous_9)
FN:252,(anonymous_10)
FN:282,(anonymous_11)
FN:327,(anonymous_12)
FNF:13
FNH:0
FNDA:0,(anonymous_0)
FNDA:0,(anonymous_1)
FNDA:0,(anonymous_2)
FNDA:0,(anonymous_3)
FNDA:0,(anonymous_4)
FNDA:0,(anonymous_5)
FNDA:0,(anonymous_6)
FNDA:0,(anonymous_7)
FNDA:0,(anonymous_8)
FNDA:0,(anonymous_9)
FNDA:0,(anonymous_10)
FNDA:0,(anonymous_11)
FNDA:0,(anonymous_12)
DA:1,0
DA:2,0
DA:3,0
DA:5,0
DA:8,0
DA:9,0
DA:10,0
DA:15,0
DA:16,0
DA:17,0
DA:20,0
DA:26,0
DA:34,0
DA:35,0
DA:36,0
DA:38,0
DA:39,0
DA:45,0
DA:46,0
DA:47,0
DA:50,0
DA:51,0
DA:53,0
DA:55,0
DA:68,0
DA:76,0
DA:77,0
DA:83,0
DA:85,0
DA:88,0
DA:89,0
DA:90,0
DA:91,0
DA:92,0
DA:93,0
DA:95,0
DA:98,0
DA:105,0
DA:110,0
DA:112,0
DA:127,0
DA:135,0
DA:136,0
DA:137,0
DA:139,0
DA:140,0
DA:141,0
DA:142,0
DA:145,0
DA:149,0
DA:150,0
DA:151,0
DA:153,0
DA:154,0
DA:157,0
DA:167,0
DA:175,0
DA:176,0
DA:177,0
DA:178,0
DA:180,0
DA:187,0
DA:188,0
DA:190,0
DA:193,0
DA:201,0
DA:202,0
DA:203,0
DA:205,0
DA:206,0
DA:207,0
DA:210,0
DA:211,0
DA:212,0
DA:218,0
DA:221,0
DA:223,0
DA:233,0
DA:241,0
DA:242,0
DA:243,0
DA:244,0
DA:245,0
DA:251,0
DA:252,0
DA:255,0
DA:256,0
DA:257,0
DA:263,0
DA:274,0
DA:282,0
DA:283,0
DA:284,0
DA:287,0
DA:288,0
DA:295,0
DA:296,0
DA:298,0
DA:313,0
DA:319,0
DA:327,0
DA:328,0
DA:329,0
DA:330,0
DA:332,0
DA:333,0
DA:334,0
DA:337,0
DA:338,0
DA:344,0
DA:346,0
DA:355,0
DA:362,0
LF:113
LH:0
BRDA:15,0,0,0
BRDA:15,0,1,0
BRDA:36,1,0,0
BRDA:38,2,0,0
BRDA:38,2,1,0
BRDA:38,3,0,0
BRDA:38,3,1,0
BRDA:46,4,0,0
BRDA:46,4,1,0
BRDA:57,5,0,0
BRDA:57,5,1,0
BRDA:79,6,0,0
BRDA:80,7,0,0
BRDA:81,8,0,0
BRDA:82,9,0,0
BRDA:89,10,0,0
BRDA:89,10,1,0
BRDA:92,11,0,0
BRDA:92,11,1,0
BRDA:137,12,0,0
BRDA:140,13,0,0
BRDA:140,13,1,0
BRDA:141,14,0,0
BRDA:141,14,1,0
BRDA:141,15,0,0
BRDA:141,15,1,0
BRDA:150,16,0,0
BRDA:150,16,1,0
BRDA:187,17,0,0
BRDA:187,17,1,0
BRDA:203,18,0,0
BRDA:206,19,0,0
BRDA:206,19,1,0
BRDA:211,20,0,0
BRDA:211,20,1,0
BRDA:244,21,0,0
BRDA:244,21,1,0
BRDA:256,22,0,0
BRDA:256,22,1,0
BRDA:267,23,0,0
BRDA:267,23,1,0
BRDA:269,24,0,0
BRDA:269,24,1,0
BRDA:287,25,0,0
BRDA:287,25,1,0
BRDA:296,26,0,0
BRDA:296,26,1,0
BRDA:329,27,0,0
BRDA:333,28,0,0
BRDA:333,28,1,0
BRDA:337,29,0,0
BRDA:337,29,1,0
BRF:52
BRH:0
end_of_record
TN:
SF:routes\habits.js
FN:20,(anonymous_0)
FN:32,(anonymous_1)
FN:93,(anonymous_2)
FN:125,(anonymous_3)
FN:167,(anonymous_4)
FN:178,(anonymous_5)
FN:205,(anonymous_6)
FN:216,(anonymous_7)
FN:242,(anonymous_8)
FN:290,(anonymous_9)
FN:305,(anonymous_10)
FN:306,(anonymous_11)
FN:334,(anonymous_12)
FNF:13
FNH:0
FNDA:0,(anonymous_0)
FNDA:0,(anonymous_1)
FNDA:0,(anonymous_2)
FNDA:0,(anonymous_3)
FNDA:0,(anonymous_4)
FNDA:0,(anonymous_5)
FNDA:0,(anonymous_6)
FNDA:0,(anonymous_7)
FNDA:0,(anonymous_8)
FNDA:0,(anonymous_9)
FNDA:0,(anonymous_10)
FNDA:0,(anonymous_11)
FNDA:0,(anonymous_12)
DA:1,0
DA:2,0
DA:3,0
DA:4,0
DA:6,0
DA:9,0
DA:20,0
DA:21,0
DA:22,0
DA:23,0
DA:28,0
DA:32,0
DA:33,0
DA:44,0
DA:47,0
DA:48,0
DA:49,0
DA:50,0
DA:51,0
DA:52,0
DA:55,0
DA:56,0
DA:57,0
DA:60,0
DA:67,0
DA:68,0
DA:70,0
DA:85,0
DA:93,0
DA:94,0
DA:95,0
DA:98,0
DA:99,0
DA:105,0
DA:111,0
DA:112,0
DA:117,0
DA:125,0
DA:126,0
DA:128,0
DA:134,0
DA:141,0
DA:142,0
DA:145,0
DA:148,0
DA:149,0
DA:150,0
DA:151,0
DA:154,0
DA:157,0
DA:164,0
DA:165,0
DA:167,0
DA:170,0
DA:178,0
DA:179,0
DA:180,0
DA:181,0
DA:182,0
DA:189,0
DA:190,0
DA:193,0
DA:195,0
DA:202,0
DA:203,0
DA:205,0
DA:208,0
DA:216,0
DA:217,0
DA:218,0
DA:219,0
DA:220,0
DA:226,0
DA:228,0
DA:234,0
DA:242,0
DA:243,0
DA:244,0
DA:246,0
DA:247,0
DA:248,0
DA:255,0
DA:256,0
DA:259,0
DA:260,0
DA:261,0
DA:262,0
DA:263,0
DA:264,0
DA:265,0
DA:268,0
DA:271,0
DA:282,0
DA:290,0
DA:291,0
DA:292,0
DA:293,0
DA:294,0
DA:301,0
DA:302,0
DA:303,0
DA:305,0
DA:306,0
DA:308,0
DA:320,0
DA:326,0
DA:334,0
DA:335,0
DA:336,0
DA:338,0
DA:339,0
DA:340,0
DA:342,0
DA:345,0
DA:351,0
DA:358,0
LF:116
LH:0
BRDA:22,0,0,0
BRDA:22,0,1,0
BRDA:35,1,0,0
BRDA:36,2,0,0
BRDA:42,3,0,0
BRDA:43,4,0,0
BRDA:48,5,0,0
BRDA:48,5,1,0
BRDA:49,6,0,0
BRDA:49,6,1,0
BRDA:50,7,0,0
BRDA:50,7,1,0
BRDA:51,8,0,0
BRDA:51,8,1,0
BRDA:52,9,0,0
BRDA:52,9,1,0
BRDA:57,10,0,0
BRDA:57,10,1,0
BRDA:98,11,0,0
BRDA:98,11,1,0
BRDA:111,12,0,0
BRDA:111,12,1,0
BRDA:137,13,0,0
BRDA:137,13,1,0
BRDA:150,14,0,0
BRDA:150,14,1,0
BRDA:164,15,0,0
BRDA:164,15,1,0
BRDA:181,16,0,0
BRDA:181,16,1,0
BRDA:202,17,0,0
BRDA:202,17,1,0
BRDA:219,18,0,0
BRDA:219,18,1,0
BRDA:244,19,0,0
BRDA:244,20,0,0
BRDA:247,21,0,0
BRDA:247,21,1,0
BRDA:261,22,0,0
BRDA:261,22,1,0
BRDA:293,23,0,0
BRDA:293,23,1,0
BRDA:316,24,0,0
BRDA:316,24,1,0
BRDA:339,25,0,0
BRDA:339,25,1,0
BRDA:340,26,0,0
BRDA:340,26,1,0
BRF:48
BRH:0
end_of_record
TN:
SF:routes\tasks.js
FN:21,(anonymous_0)
FN:33,(anonymous_1)
FN:105,(anonymous_2)
FN:138,(anonymous_3)
FN:175,(anonymous_4)
FN:186,(anonymous_5)
FN:241,(anonymous_6)
FN:252,(anonymous_7)
FN:290,(anonymous_8)
FNF:9
FNH:6
FNDA:8,(anonymous_0)
FNDA:8,(anonymous_1)
FNDA:3,(anonymous_2)
FNDA:3,(anonymous_3)
FNDA:0,(anonymous_4)
FNDA:2,(anonymous_5)
FNDA:0,(anonymous_6)
FNDA:3,(anonymous_7)
FNDA:0,(anonymous_8)
DA:1,1
DA:2,1
DA:3,1
DA:4,1
DA:5,1
DA:7,1
DA:10,1
DA:21,1
DA:22,8
DA:23,8
DA:24,3
DA:29,5
DA:33,1
DA:34,8
DA:46,8
DA:49,8
DA:50,8
DA:51,8
DA:52,8
DA:53,8
DA:54,8
DA:55,0
DA:56,0
DA:58,8
DA:59,2
DA:66,8
DA:67,8
DA:68,8
DA:71,8
DA:79,8
DA:80,8
DA:82,8
DA:97,0
DA:105,1
DA:106,3
DA:107,3
DA:111,2
DA:112,1
DA:118,1
DA:124,1
DA:125,1
DA:130,0
DA:138,1
DA:139,3
DA:141,3
DA:142,3
DA:143,1
DA:150,2
DA:151,2
DA:152,1
DA:158,1
DA:159,1
DA:162,1
DA:163,1
DA:165,1
DA:172,0
DA:173,0
DA:175,0
DA:178,0
DA:186,1
DA:187,2
DA:188,2
DA:189,2
DA:190,1
DA:197,1
DA:198,1
DA:199,1
DA:200,0
DA:207,1
DA:208,1
DA:209,1
DA:210,0
DA:218,1
DA:219,1
DA:222,1
DA:223,1
DA:225,1
DA:232,0
DA:233,0
DA:238,0
DA:239,0
DA:241,0
DA:244,0
DA:252,1
DA:253,3
DA:254,3
DA:255,2
DA:256,1
DA:262,1
DA:264,1
DA:276,1
DA:277,1
DA:282,0
DA:290,1
DA:291,0
DA:292,0
DA:294,0
DA:295,0
DA:301,0
DA:302,0
DA:303,0
DA:309,0
DA:310,0
DA:312,0
DA:324,0
DA:331,1
LF:106
LH:78
BRDA:23,0,0,3
BRDA:23,0,1,5
BRDA:36,1,0,6
BRDA:37,2,0,6
BRDA:44,3,0,7
BRDA:45,4,0,7
BRDA:50,5,0,1
BRDA:50,5,1,7
BRDA:51,6,0,1
BRDA:51,6,1,7
BRDA:52,7,0,0
BRDA:52,7,1,8
BRDA:53,8,0,0
BRDA:53,8,1,8
BRDA:54,9,0,0
BRDA:54,9,1,8
BRDA:58,10,0,2
BRDA:58,10,1,6
BRDA:68,11,0,1
BRDA:68,11,1,7
BRDA:111,12,0,1
BRDA:111,12,1,1
BRDA:124,13,0,1
BRDA:124,13,1,0
BRDA:142,14,0,1
BRDA:142,14,1,2
BRDA:151,15,0,1
BRDA:151,15,1,1
BRDA:172,16,0,0
BRDA:172,16,1,0
BRDA:189,17,0,1
BRDA:189,17,1,1
BRDA:197,18,0,1
BRDA:197,18,1,0
BRDA:199,19,0,0
BRDA:199,19,1,1
BRDA:207,20,0,1
BRDA:207,20,1,0
BRDA:209,21,0,0
BRDA:209,21,1,1
BRDA:232,22,0,0
BRDA:232,22,1,0
BRDA:238,23,0,0
BRDA:238,23,1,0
BRDA:255,24,0,1
BRDA:255,24,1,1
BRDA:276,25,0,1
BRDA:276,25,1,0
BRDA:294,26,0,0
BRDA:294,26,1,0
BRDA:302,27,0,0
BRDA:302,27,1,0
BRF:52
BRH:33
end_of_record
TN:
SF:routes\users.js
FN:24,(anonymous_0)
FN:36,(anonymous_1)
FN:41,(anonymous_2)
FN:106,(anonymous_3)
FN:137,(anonymous_4)
FN:172,(anonymous_5)
FN:183,(anonymous_6)
FN:233,(anonymous_7)
FN:286,(anonymous_8)
FN:297,(anonymous_9)
FN:338,(anonymous_10)
FN:368,(anonymous_11)
FNF:12
FNH:6
FNDA:13,(anonymous_0)
FNDA:5,(anonymous_1)
FNDA:8,(anonymous_2)
FNDA:3,(anonymous_3)
FNDA:4,(anonymous_4)
FNDA:0,(anonymous_5)
FNDA:5,(anonymous_6)
FNDA:0,(anonymous_7)
FNDA:0,(anonymous_8)
FNDA:0,(anonymous_9)
FNDA:0,(anonymous_10)
FNDA:0,(anonymous_11)
DA:1,1
DA:2,1
DA:3,1
DA:4,1
DA:5,1
DA:7,1
DA:10,1
DA:18,1
DA:24,1
DA:25,13
DA:26,13
DA:27,4
DA:32,9
DA:36,1
DA:37,5
DA:41,1
DA:42,8
DA:52,8
DA:55,8
DA:56,8
DA:57,8
DA:58,8
DA:59,8
DA:60,2
DA:68,8
DA:69,8
DA:70,8
DA:73,8
DA:80,8
DA:81,8
DA:83,8
DA:98,0
DA:106,1
DA:107,3
DA:108,3
DA:110,2
DA:111,1
DA:117,1
DA:123,1
DA:124,1
DA:129,0
DA:137,1
DA:138,4
DA:140,4
DA:141,4
DA:142,1
DA:149,3
DA:150,3
DA:153,3
DA:156,3
DA:157,3
DA:159,3
DA:169,0
DA:170,0
DA:172,0
DA:175,0
DA:183,1
DA:184,5
DA:185,5
DA:188,5
DA:189,5
DA:190,2
DA:197,3
DA:198,3
DA:199,1
DA:206,2
DA:209,2
DA:212,2
DA:213,2
DA:215,2
DA:225,0
DA:233,1
DA:234,0
DA:235,0
DA:237,0
DA:238,0
DA:239,0
DA:246,0
DA:247,0
DA:248,0
DA:249,0
DA:257,0
DA:260,0
DA:261,0
DA:264,0
DA:267,0
DA:268,0
DA:270,0
DA:277,0
DA:278,0
DA:283,0
DA:284,0
DA:286,0
DA:289,0
DA:297,1
DA:298,0
DA:299,0
DA:300,0
DA:301,0
DA:308,0
DA:309,0
DA:311,0
DA:324,0
DA:325,0
DA:330,0
DA:338,1
DA:339,0
DA:340,0
DA:341,0
DA:342,0
DA:349,0
DA:350,0
DA:360,0
DA:368,0
DA:369,0
DA:370,0
DA:373,0
DA:382,0
DA:389,1
LF:119
LH:68
BRDA:26,0,0,4
BRDA:26,0,1,9
BRDA:37,1,0,5
BRDA:37,1,1,5
BRDA:44,2,0,6
BRDA:45,3,0,6
BRDA:50,4,0,8
BRDA:51,5,0,8
BRDA:56,6,0,1
BRDA:56,6,1,7
BRDA:57,7,0,1
BRDA:57,7,1,7
BRDA:58,8,0,1
BRDA:58,8,1,7
BRDA:59,9,0,2
BRDA:59,9,1,6
BRDA:70,10,0,0
BRDA:70,10,1,8
BRDA:110,11,0,1
BRDA:110,11,1,1
BRDA:123,12,0,1
BRDA:123,12,1,0
BRDA:141,13,0,1
BRDA:141,13,1,3
BRDA:169,14,0,0
BRDA:169,14,1,0
BRDA:189,15,0,2
BRDA:189,15,1,3
BRDA:198,16,0,1
BRDA:198,16,1,2
BRDA:238,17,0,0
BRDA:238,17,1,0
BRDA:246,18,0,0
BRDA:246,18,1,0
BRDA:246,19,0,0
BRDA:246,19,1,0
BRDA:248,20,0,0
BRDA:248,20,1,0
BRDA:260,21,0,0
BRDA:260,21,1,0
BRDA:277,22,0,0
BRDA:277,22,1,0
BRDA:283,23,0,0
BRDA:283,23,1,0
BRDA:300,24,0,0
BRDA:300,24,1,0
BRDA:324,25,0,0
BRDA:324,25,1,0
BRDA:341,26,0,0
BRDA:341,26,1,0
BRF:50
BRH:26
end_of_record
